This is pdfTeXk, Version 3.14159-1.10b (Web2C 7.4.5) (format=pdflatex 2006.1.19)  25 OCT 2006 12:29
 file:line:error style messages enabled.
**\nonstopmode \input /linux-ws/tilling/LMGene/inst/doc/LMGene.tex
(/linux-ws/tilling/LMGene/inst/doc/LMGene.tex
(/usr/share/texmf/tex/latex/base/article.cls
Document Class: article 2001/04/21 v1.4e Standard LaTeX document class
(/usr/share/texmf/tex/latex/base/size11.clo
File: size11.clo 2001/04/21 v1.4e Standard LaTeX file (size option)
)
\c@part=\count79
\c@section=\count80
\c@subsection=\count81
\c@subsubsection=\count82
\c@paragraph=\count83
\c@subparagraph=\count84
\c@figure=\count85
\c@table=\count86
\abovecaptionskip=\skip41
\belowcaptionskip=\skip42
\bibindent=\dimen102
)
(/usr/share/texmf/tex/latex/amsmath/amsmath.sty
Package: amsmath 2000/07/18 v2.13 AMS math features
\@mathmargin=\skip43

For additional information on amsmath, use the `?' option.
(/usr/share/texmf/tex/latex/amsmath/amstext.sty
Package: amstext 2000/06/29 v2.01

(/usr/share/texmf/tex/latex/amsmath/amsgen.sty
File: amsgen.sty 1999/11/30 v2.0
\@emptytoks=\toks14
\ex@=\dimen103
))
(/usr/share/texmf/tex/latex/amsmath/amsbsy.sty
Package: amsbsy 1999/11/29 v1.2d
\pmbraise@=\dimen104
)
(/usr/share/texmf/tex/latex/amsmath/amsopn.sty
Package: amsopn 1999/12/14 v2.01 operator names
)
\inf@bad=\count87
LaTeX Info: Redefining \frac on input line 211.
\uproot@=\count88
\leftroot@=\count89
LaTeX Info: Redefining \overline on input line 307.
\classnum@=\count90
\DOTSCASE@=\count91
LaTeX Info: Redefining \ldots on input line 379.
LaTeX Info: Redefining \dots on input line 382.
LaTeX Info: Redefining \cdots on input line 467.
\Mathstrutbox@=\box26
\strutbox@=\box27
\big@size=\dimen105
LaTeX Font Info:    Redeclaring font encoding OML on input line 567.
LaTeX Font Info:    Redeclaring font encoding OMS on input line 568.
\macc@depth=\count92
\c@MaxMatrixCols=\count93
\dotsspace@=\muskip10
\c@parentequation=\count94
\dspbrk@lvl=\count95
\tag@help=\toks15
\row@=\count96
\column@=\count97
\maxfields@=\count98
\andhelp@=\toks16
\eqnshift@=\dimen106
\alignsep@=\dimen107
\tagshift@=\dimen108
\tagwidth@=\dimen109
\totwidth@=\dimen110
\lineht@=\dimen111
\@envbody=\toks17
\multlinegap=\skip44
\multlinetaggap=\skip45
\mathdisplay@stack=\toks18
LaTeX Info: Redefining \[ on input line 2666.
LaTeX Info: Redefining \] on input line 2667.
)
(/usr/share/texmf/tex/latex/pstricks/pstricks.sty
Package: pstricks 1997/03/25 package wrapper for PSTricks pstricks.tex

(/usr/share/texmf/tex/generic/pstricks/pstricks.tex
`PSTricks' v97 patch 14  <1999/12/23> (tvz)
\pst@dima=\dimen112
\pst@dimb=\dimen113
\pst@dimc=\dimen114
\pst@dimd=\dimen115
\pst@dimg=\dimen116
\pst@dimh=\dimen117
\pst@hbox=\box28
\pst@boxg=\box29
\pst@cnta=\count99
\pst@cntb=\count100
\pst@cntc=\count101
\pst@cntd=\count102
\pst@cntg=\count103
\pst@cnth=\count104
\pst@toks=\toks19
(/usr/share/texmf/tex/generic/pstricks/pstricks.con)
\psunit=\dimen118
\psxunit=\dimen119
\psyunit=\dimen120
\pslinewidth=\dimen121
\pst@customdefs=\toks20
\pslinearc=\dimen122
\everypsbox=\toks21
\psframesep=\dimen123
\pslabelsep=\dimen124
\theoverlaybox=\box30
))
(/usr/share/texmf/tex/latex/preprint/fullpage.sty
Package: fullpage 1999/02/23 1.1 (PWD)
\FP@margin=\skip46
)
(/usr/share/texmf/tex/latex/hyperref/hyperref.sty
Package: hyperref 2003/01/22 v6.73n Hypertext links for LaTeX

(/usr/share/texmf/tex/latex/graphics/keyval.sty
Package: keyval 1999/03/16 v1.13 key=value parser (DPC)
\KV@toks@=\toks22
)
\@linkdim=\dimen125
\Hy@linkcounter=\count105
\Hy@pagecounter=\count106

(/usr/share/texmf/tex/latex/hyperref/pd1enc.def
File: pd1enc.def 2003/01/22 v6.73n Hyperref: PDFDocEncoding definition (HO)
)
(/usr/share/texmf/tex/latex/config/hyperref.cfg
File: hyperref.cfg 2002/06/06 v1.2 hyperref configuration of TeXLive and teTeX
)
Package hyperref Info: Hyper figures OFF on input line 1792.
Package hyperref Info: Link nesting OFF on input line 1797.
Package hyperref Info: Hyper index ON on input line 1800.
Package hyperref Info: Plain pages ON on input line 1805.
Package hyperref Info: Backreferencing OFF on input line 1812.

Implicit mode ON; LaTeX internals redefined
Package hyperref Info: Bookmarks ON on input line 1916.
(/usr/share/texmf/tex/latex/html/url.sty
Package: url 1999/03/02  ver 1.4  Verb mode for urls, email addresses, and file
 names
)
LaTeX Info: Redefining \url on input line 2055.
\Fld@menulength=\count107
\Field@Width=\dimen126
\Fld@charsize=\dimen127
\Choice@toks=\toks23
\Field@toks=\toks24
Package hyperref Info: Hyper figures OFF on input line 2513.
Package hyperref Info: Link nesting OFF on input line 2518.
Package hyperref Info: Hyper index ON on input line 2521.
Package hyperref Info: backreferencing OFF on input line 2528.
Package hyperref Info: Link coloring OFF on input line 2533.
\c@Item=\count108
\c@Hfootnote=\count109
)
*hyperref using default driver hpdftex*
(/usr/share/texmf/tex/latex/hyperref/hpdftex.def
File: hpdftex.def 2003/01/22 v6.73n Hyperref driver for pdfTeX

(/usr/share/texmf/tex/latex/psnfss/pifont.sty
Package: pifont 2002/09/08 PSNFSS-v9.0a Pi font support (SPQR) 
LaTeX Font Info:    Try loading font information for U+pzd on input line 62.

(/usr/share/texmf/tex/latex/psnfss/upzd.fd
File: upzd.fd 2001/06/04 font definitions for U/pzd.
)
LaTeX Font Info:    Try loading font information for U+psy on input line 63.

(/usr/share/texmf/tex/latex/psnfss/upsy.fd
File: upsy.fd 2001/06/04 font definitions for U/psy.
))
\Fld@listcount=\count110
\@outlinefile=\write3
)
(/usr/lib64/R/share/texmf/Sweave.sty

LaTeX Warning: You have requested package `/usr/lib64/R/share/texmf/Sweave',
               but the package provides `Sweave'.

Package: Sweave 
(/usr/share/texmf/tex/latex/base/ifthen.sty
Package: ifthen 2001/05/26 v1.1c Standard LaTeX ifthen package (DPC)
)
(/usr/share/texmf/tex/latex/graphics/graphicx.sty
Package: graphicx 1999/02/16 v1.0f Enhanced LaTeX Graphics (DPC,SPQR)

(/usr/share/texmf/tex/latex/graphics/graphics.sty
Package: graphics 2001/07/07 v1.0n Standard LaTeX Graphics (DPC,SPQR)

(/usr/share/texmf/tex/latex/graphics/trig.sty
Package: trig 1999/03/16 v1.09 sin cos tan (DPC)
)
(/usr/share/texmf/tex/latex/config/graphics.cfg
File: graphics.cfg 2001/08/31 v1.1 graphics configuration of teTeX/TeXLive
)
Package graphics Info: Driver file: pdftex.def on input line 80.

(/usr/share/texmf/tex/latex/graphics/pdftex.def
File: pdftex.def 2002/06/19 v0.03k graphics/color for pdftex
\Gread@gobject=\count111
))
\Gin@req@height=\dimen128
\Gin@req@width=\dimen129
)
(/usr/share/texmf/tex/latex/fancyvrb/fancyvrb.sty
Package: fancyvrb 2000/03/21

Style option: `fancyvrb' v2.7, with DG/SPQR fixes <2000/03/21> (tvz)
\FV@CodeLineNo=\count112
\FV@InFile=\read1
\FV@TabBox=\box31
\c@FancyVerbLine=\count113
\FV@StepNumber=\count114
\FV@OutFile=\write4
)
(/usr/lib64/R/share/texmf/upquote.sty
Package: upquote 2003/08/11 v1.1 Covington's upright-quote modification to verb
atim and verb

(/usr/share/texmf/tex/latex/base/textcomp.sty
Package: textcomp 2001/06/05 v1.94 Standard LaTeX package

(/usr/share/texmf/tex/latex/base/ts1enc.def
File: ts1enc.def 2001/06/05 v3.0e (jk/car/fm) Standard LaTeX file
)))
(/usr/share/texmf/tex/latex/base/fontenc.sty
Package: fontenc 2001/06/05 v1.94 Standard LaTeX package

(/usr/share/texmf/tex/latex/base/t1enc.def
File: t1enc.def 2001/06/05 v1.94 Standard LaTeX file
LaTeX Font Info:    Redeclaring font encoding T1 on input line 38.
))
(/usr/share/texmf/tex/latex/ae/ae.sty
Package: ae 2001/02/12 1.3 Almost European Computer Modern

(/usr/share/texmf/tex/latex/base/fontenc.sty
Package: fontenc 2001/06/05 v1.94 Standard LaTeX package

(/usr/share/texmf/tex/latex/base/t1enc.def
File: t1enc.def 2001/06/05 v1.94 Standard LaTeX file
LaTeX Font Info:    Redeclaring font encoding T1 on input line 38.
)
LaTeX Font Info:    Try loading font information for T1+aer on input line 95.

(/usr/share/texmf/tex/latex/ae/t1aer.fd
File: t1aer.fd 1997/11/16 Font definitions for T1/aer.
)))) (./LMGene.aux)
\openout1 = `LMGene.aux'.

LaTeX Font Info:    Checking defaults for OML/cmm/m/it on input line 16.
LaTeX Font Info:    ... okay on input line 16.
LaTeX Font Info:    Checking defaults for T1/cmr/m/n on input line 16.
LaTeX Font Info:    ... okay on input line 16.
LaTeX Font Info:    Checking defaults for OT1/cmr/m/n on input line 16.
LaTeX Font Info:    ... okay on input line 16.
LaTeX Font Info:    Checking defaults for OMS/cmsy/m/n on input line 16.
LaTeX Font Info:    ... okay on input line 16.
LaTeX Font Info:    Checking defaults for OMX/cmex/m/n on input line 16.
LaTeX Font Info:    ... okay on input line 16.
LaTeX Font Info:    Checking defaults for U/cmr/m/n on input line 16.
LaTeX Font Info:    ... okay on input line 16.
LaTeX Font Info:    Checking defaults for PD1/pdf/m/n on input line 16.
LaTeX Font Info:    ... okay on input line 16.
LaTeX Font Info:    Checking defaults for TS1/cmr/m/n on input line 16.
LaTeX Font Info:    Try loading font information for TS1+cmr on input line 16.

(/usr/share/texmf/tex/latex/base/ts1cmr.fd
File: ts1cmr.fd 1999/05/25 v2.5h Standard LaTeX font definitions
)
LaTeX Font Info:    ... okay on input line 16.
Package hyperref Info: Link coloring OFF on input line 16.

(/usr/share/texmf/tex/latex/hyperref/nameref.sty
Package: nameref 2001/01/27 v2.19 Cross-referencing by name of section
\c@section@level=\count115
)
LaTeX Info: Redefining \ref on input line 16.
LaTeX Info: Redefining \pageref on input line 16.
 (./LMGene.out) (./LMGene.out)
\openout3 = `LMGene.out'.

(/usr/share/texmf/tex/context/base/supp-pdf.tex
(/usr/share/texmf/tex/context/base/supp-mis.tex
loading : Context Support Macros / Missing
\protectiondepth=\count116
\scratchcounter=\count117
\scratchtoks=\toks25
\scratchdimen=\dimen130
\scratchskip=\skip47
\scratchmuskip=\muskip11
\scratchbox=\box32
\scratchread=\read2
\scratchwrite=\write5
\zeropoint=\dimen131
\minusone=\count118
\thousandpoint=\dimen132
\emptytoks=\toks26
\nextbox=\box33
\nextdepth=\dimen133
\everyline=\toks27
\!!counta=\count119
\!!countb=\count120
\recursecounter=\count121
)
loading : Context Support Macros / PDF
\nofMPsegments=\count122
\nofMParguments=\count123
\everyMPtoPDFconversion=\toks28
) (./LMGene.toc)
\tf@toc=\write6
\openout6 = `LMGene.toc'.

LaTeX Font Info:    Try loading font information for T1+aett on input line 28.
 (/usr/share/texmf/tex/latex/ae/t1aett.fd
File: t1aett.fd 1997/11/16 Font definitions for T1/aett.
) [1
Non-PDF special ignored!
Non-PDF special ignored!

{/usr/share/texmf/dvips/config/pdftex.map}] [2]
[3] [4] [5]
Overfull \hbox (1.36464pt too wide) in paragraph at lines 350--353
[]/aett10@10.95pt/Finding dif-fer-en-tially ex-pressed genes /aer10@10.95pt/The
 lm-gene rou-tine com-putes sig-nif-i-cant probes
 []

LaTeX Font Info:    Try loading font information for TS1+aett on input line 391
.
(/usr/lib64/R/share/texmf/ts1aett.fd
File: ts1aett.fd 
)
LaTeX Font Info:    Try loading font information for TS1+cmtt on input line 391
.

(/usr/share/texmf/tex/latex/base/ts1cmtt.fd
File: ts1cmtt.fd 1999/05/25 v2.5h Standard LaTeX font definitions
)
LaTeX Font Info:    Font shape `TS1/aett/m/n' in size <10.95> not available
(Font)              Font shape `TS1/cmtt/m/n' tried instead on input line 391.
 [6] [7] (./LMGene.aux) ) 
Here is how much of TeX's memory you used:
 5061 strings out of 95437
 65474 string characters out of 1189055
 123468 words of memory out of 1000001
 7938 multiletter control sequences out of 10000+50000
 30145 words of font info for 67 fonts, out of 500000 for 1000
 14 hyphenation exceptions out of 1000
 35i,6n,36p,343b,487s stack positions out of 1500i,500n,5000p,200000b,5000s
 115 PDF objects out of 300000
 31 named destinations out of 131072
 44 words of extra memory for PDF output out of 65536
{/usr/share/texmf/dvips/tetex/74afc74c.enc}</usr/share
/texmf/fonts/type1/bluesky/cm/cmti10.pfb> </var/lib/texmf/pk/ljfour/jknappen/tc
/tctt1095.600pk>{/usr/share/texmf/dvips/tetex/aae443f0.enc}</usr/share/texmf/fo
nts/type1/bluesky/cm/cmmi8.pfb>{/usr/share/texmf/dvips/tetex/bbad153f.enc}</usr
/share/texmf/fonts/type1/bluesky/cm/cmsy8.pfb>{/usr/share/texmf/dvips/tetex/f7b
6d320.enc}</usr/share/texmf/fonts/type1/bluesky/cm/cmr8.pfb></usr/share/texmf/f
onts/type1/bluesky/cm/cmex10.pfb></usr/share/texmf/fonts/type1/bluesky/cm/cmsy1
0.pfb></usr/share/texmf/fonts/type1/bluesky/cm/cmmi10.pfb>{/usr/share/texmf/dvi
ps/tetex/09fbbfac.enc}</usr/share/texmf/fonts/type1/bluesky/cm/cmsltt10.pfb></u
sr/share/texmf/fonts/type1/bluesky/cm/cmtt10.pfb></usr/share/texmf/fonts/type1/
bluesky/cm/cmr10.pfb></usr/share/texmf/fonts/type1/bluesky/cm/cmbx10.pfb></usr/
share/texmf/fonts/type1/bluesky/cm/cmr12.pfb></usr/share/texmf/fonts/type1/blue
sky/cm/cmbx12.pfb>
Output written on LMGene.pdf (7 pages, 110207 bytes).
